<?xml version="1.0" encoding="UTF-8"?>
<testsuite xmlns:xsi="http://www.w3.org/2001/XMLSchema-instance" xsi:noNamespaceSchemaLocation="https://maven.apache.org/surefire/maven-surefire-plugin/xsd/surefire-test-report-3.0.xsd" version="3.0" name="BaseAllure.CalculatorTest" time="0.362" tests="3" errors="0" skipped="0" failures="2">
  <properties>
    <property name="sun.desktop" value="gnome"/>
    <property name="awt.toolkit" value="sun.awt.X11.XToolkit"/>
    <property name="java.specification.version" value="11"/>
    <property name="sun.cpu.isalist" value=""/>
    <property name="sun.jnu.encoding" value="UTF-8"/>
    <property name="java.class.path" value="/home/victor/Escritorio/MASTER_Selenium_Allure/target/test-classes:/home/victor/Escritorio/MASTER_Selenium_Allure/target/classes:/home/victor/.m2/repository/io/cucumber/cucumber-junit/4.2.4/cucumber-junit-4.2.4.jar:/home/victor/.m2/repository/io/cucumber/cucumber-core/4.2.4/cucumber-core-4.2.4.jar:/home/victor/.m2/repository/io/cucumber/cucumber-html/0.2.7/cucumber-html-0.2.7.jar:/home/victor/.m2/repository/io/cucumber/gherkin/5.1.0/gherkin-5.1.0.jar:/home/victor/.m2/repository/io/cucumber/tag-expressions/1.1.1/tag-expressions-1.1.1.jar:/home/victor/.m2/repository/io/cucumber/cucumber-expressions/6.2.0/cucumber-expressions-6.2.0.jar:/home/victor/.m2/repository/io/cucumber/datatable/1.1.12/datatable-1.1.12.jar:/home/victor/.m2/repository/io/cucumber/datatable-dependencies/1.1.12/datatable-dependencies-1.1.12.jar:/home/victor/.m2/repository/junit/junit/4.12/junit-4.12.jar:/home/victor/.m2/repository/io/github/bonigarcia/webdrivermanager/5.5.3/webdrivermanager-5.5.3.jar:/home/victor/.m2/repository/org/slf4j/slf4j-api/2.0.7/slf4j-api-2.0.7.jar:/home/victor/.m2/repository/com/google/code/gson/gson/2.10.1/gson-2.10.1.jar:/home/victor/.m2/repository/com/github/docker-java/docker-java/3.3.3/docker-java-3.3.3.jar:/home/victor/.m2/repository/com/github/docker-java/docker-java-core/3.3.3/docker-java-core-3.3.3.jar:/home/victor/.m2/repository/com/github/docker-java/docker-java-api/3.3.3/docker-java-api-3.3.3.jar:/home/victor/.m2/repository/commons-io/commons-io/2.6/commons-io-2.6.jar:/home/victor/.m2/repository/org/apache/commons/commons-compress/1.21/commons-compress-1.21.jar:/home/victor/.m2/repository/org/bouncycastle/bcpkix-jdk18on/1.75/bcpkix-jdk18on-1.75.jar:/home/victor/.m2/repository/org/bouncycastle/bcprov-jdk18on/1.75/bcprov-jdk18on-1.75.jar:/home/victor/.m2/repository/org/bouncycastle/bcutil-jdk18on/1.75/bcutil-jdk18on-1.75.jar:/home/victor/.m2/repository/org/slf4j/jcl-over-slf4j/1.7.30/jcl-over-slf4j-1.7.30.jar:/home/victor/.m2/repository/com/github/docker-java/docker-java-transport-httpclient5/3.3.3/docker-java-transport-httpclient5-3.3.3.jar:/home/victor/.m2/repository/com/github/docker-java/docker-java-transport/3.3.3/docker-java-transport-3.3.3.jar:/home/victor/.m2/repository/net/java/dev/jna/jna/5.12.1/jna-5.12.1.jar:/home/victor/.m2/repository/org/brotli/dec/0.1.2/dec-0.1.2.jar:/home/victor/.m2/repository/org/apache/commons/commons-lang3/3.13.0/commons-lang3-3.13.0.jar:/home/victor/.m2/repository/org/apache/httpcomponents/client5/httpclient5/5.2.1/httpclient5-5.2.1.jar:/home/victor/.m2/repository/org/apache/httpcomponents/core5/httpcore5/5.2/httpcore5-5.2.jar:/home/victor/.m2/repository/org/apache/httpcomponents/core5/httpcore5-h2/5.2/httpcore5-h2-5.2.jar:/home/victor/.m2/repository/org/projectlombok/lombok/1.18.4/lombok-1.18.4.jar:/home/victor/.m2/repository/com/codeborne/selenide/5.2.8/selenide-5.2.8.jar:/home/victor/.m2/repository/org/seleniumhq/selenium/selenium-java/3.141.59/selenium-java-3.141.59.jar:/home/victor/.m2/repository/org/seleniumhq/selenium/selenium-api/3.141.59/selenium-api-3.141.59.jar:/home/victor/.m2/repository/org/seleniumhq/selenium/selenium-chrome-driver/3.141.59/selenium-chrome-driver-3.141.59.jar:/home/victor/.m2/repository/org/seleniumhq/selenium/selenium-edge-driver/3.141.59/selenium-edge-driver-3.141.59.jar:/home/victor/.m2/repository/org/seleniumhq/selenium/selenium-firefox-driver/3.141.59/selenium-firefox-driver-3.141.59.jar:/home/victor/.m2/repository/org/seleniumhq/selenium/selenium-ie-driver/3.141.59/selenium-ie-driver-3.141.59.jar:/home/victor/.m2/repository/org/seleniumhq/selenium/selenium-opera-driver/3.141.59/selenium-opera-driver-3.141.59.jar:/home/victor/.m2/repository/org/seleniumhq/selenium/selenium-remote-driver/3.141.59/selenium-remote-driver-3.141.59.jar:/home/victor/.m2/repository/org/seleniumhq/selenium/selenium-safari-driver/3.141.59/selenium-safari-driver-3.141.59.jar:/home/victor/.m2/repository/org/seleniumhq/selenium/selenium-support/3.141.59/selenium-support-3.141.59.jar:/home/victor/.m2/repository/org/apache/commons/commons-exec/1.3/commons-exec-1.3.jar:/home/victor/.m2/repository/com/google/guava/guava/25.0-jre/guava-25.0-jre.jar:/home/victor/.m2/repository/com/google/code/findbugs/jsr305/1.3.9/jsr305-1.3.9.jar:/home/victor/.m2/repository/org/checkerframework/checker-compat-qual/2.0.0/checker-compat-qual-2.0.0.jar:/home/victor/.m2/repository/com/google/errorprone/error_prone_annotations/2.1.3/error_prone_annotations-2.1.3.jar:/home/victor/.m2/repository/com/google/j2objc/j2objc-annotations/1.1/j2objc-annotations-1.1.jar:/home/victor/.m2/repository/org/codehaus/mojo/animal-sniffer-annotations/1.14/animal-sniffer-annotations-1.14.jar:/home/victor/.m2/repository/com/squareup/okhttp3/okhttp/3.11.0/okhttp-3.11.0.jar:/home/victor/.m2/repository/com/squareup/okio/okio/1.14.0/okio-1.14.0.jar:/home/victor/.m2/repository/net/lightbody/bmp/browsermob-core/2.1.5/browsermob-core-2.1.5.jar:/home/victor/.m2/repository/net/lightbody/bmp/littleproxy/1.1.0-beta-bmp-17/littleproxy-1.1.0-beta-bmp-17.jar:/home/victor/.m2/repository/com/fasterxml/jackson/core/jackson-core/2.8.9/jackson-core-2.8.9.jar:/home/victor/.m2/repository/com/fasterxml/jackson/core/jackson-databind/2.8.9/jackson-databind-2.8.9.jar:/home/victor/.m2/repository/com/fasterxml/jackson/core/jackson-annotations/2.8.9/jackson-annotations-2.8.9.jar:/home/victor/.m2/repository/dnsjava/dnsjava/2.1.8/dnsjava-2.1.8.jar:/home/victor/.m2/repository/com/jcraft/jzlib/1.1.3/jzlib-1.1.3.jar:/home/victor/.m2/repository/io/netty/netty-all/4.0.51.Final/netty-all-4.0.51.Final.jar:/home/victor/.m2/repository/org/bouncycastle/bcprov-jdk15on/1.58/bcprov-jdk15on-1.58.jar:/home/victor/.m2/repository/org/bouncycastle/bcpkix-jdk15on/1.58/bcpkix-jdk15on-1.58.jar:/home/victor/.m2/repository/net/lightbody/bmp/mitm/2.1.5/mitm-2.1.5.jar:/home/victor/.m2/repository/org/slf4j/slf4j-nop/1.7.25/slf4j-nop-1.7.25.jar:/home/victor/.m2/repository/io/qameta/allure/allure-junit4/2.12.1/allure-junit4-2.12.1.jar:/home/victor/.m2/repository/io/qameta/allure/allure-java-commons/2.12.1/allure-java-commons-2.12.1.jar:/home/victor/.m2/repository/io/qameta/allure/allure-model/2.12.1/allure-model-2.12.1.jar:/home/victor/.m2/repository/org/apache/tika/tika-core/1.20/tika-core-1.20.jar:/home/victor/.m2/repository/org/jooq/joor-java-8/0.9.10/joor-java-8-0.9.10.jar:/home/victor/.m2/repository/io/qameta/allure/allure-cucumber4-jvm/2.12.1/allure-cucumber4-jvm-2.12.1.jar:/home/victor/.m2/repository/io/cucumber/cucumber-java/4.2.4/cucumber-java-4.2.4.jar:/home/victor/.m2/repository/io/qameta/allure/allure-selenide/2.12.1/allure-selenide-2.12.1.jar:/home/victor/.m2/repository/io/rest-assured/rest-assured/4.0.0/rest-assured-4.0.0.jar:/home/victor/.m2/repository/org/codehaus/groovy/groovy/2.5.6/groovy-2.5.6.jar:/home/victor/.m2/repository/org/codehaus/groovy/groovy-xml/2.5.6/groovy-xml-2.5.6.jar:/home/victor/.m2/repository/org/apache/httpcomponents/httpclient/4.5.3/httpclient-4.5.3.jar:/home/victor/.m2/repository/org/apache/httpcomponents/httpcore/4.4.6/httpcore-4.4.6.jar:/home/victor/.m2/repository/commons-logging/commons-logging/1.2/commons-logging-1.2.jar:/home/victor/.m2/repository/commons-codec/commons-codec/1.9/commons-codec-1.9.jar:/home/victor/.m2/repository/org/apache/httpcomponents/httpmime/4.5.3/httpmime-4.5.3.jar:/home/victor/.m2/repository/org/hamcrest/hamcrest-core/2.1/hamcrest-core-2.1.jar:/home/victor/.m2/repository/org/hamcrest/hamcrest/2.1/hamcrest-2.1.jar:/home/victor/.m2/repository/org/hamcrest/hamcrest-library/2.1/hamcrest-library-2.1.jar:/home/victor/.m2/repository/org/ccil/cowan/tagsoup/tagsoup/1.2.1/tagsoup-1.2.1.jar:/home/victor/.m2/repository/io/rest-assured/json-path/4.0.0/json-path-4.0.0.jar:/home/victor/.m2/repository/org/codehaus/groovy/groovy-json/2.5.6/groovy-json-2.5.6.jar:/home/victor/.m2/repository/io/rest-assured/rest-assured-common/4.0.0/rest-assured-common-4.0.0.jar:/home/victor/.m2/repository/io/rest-assured/xml-path/4.0.0/xml-path-4.0.0.jar:/home/victor/.m2/repository/javax/xml/bind/jaxb-api/2.2.12/jaxb-api-2.2.12.jar:/home/victor/.m2/repository/com/sun/xml/bind/jaxb-osgi/2.2.10/jaxb-osgi-2.2.10.jar:/home/victor/.m2/repository/org/apache/sling/org.apache.sling.javax.activation/0.1.0/org.apache.sling.javax.activation-0.1.0.jar:/home/victor/.m2/repository/javax/activation/activation/1.1.1/activation-1.1.1.jar:"/>
    <property name="java.vm.vendor" value="Ubuntu"/>
    <property name="sun.arch.data.model" value="64"/>
    <property name="java.vendor.url" value="https://ubuntu.com/"/>
    <property name="user.timezone" value=""/>
    <property name="java.vm.specification.version" value="11"/>
    <property name="os.name" value="Linux"/>
    <property name="sun.java.launcher" value="SUN_STANDARD"/>
    <property name="user.country" value="ES"/>
    <property name="sun.boot.library.path" value="/usr/lib/jvm/java-11-openjdk-amd64/lib"/>
    <property name="sun.java.command" value="/home/victor/Escritorio/MASTER_Selenium_Allure/target/surefire/surefirebooter16797484802083881022.jar /home/victor/Escritorio/MASTER_Selenium_Allure/target/surefire 2023-09-15T15-13-14_061-jvmRun1 surefire15509052453778620748tmp surefire_010721174564818321736tmp"/>
    <property name="jdk.debug" value="release"/>
    <property name="surefire.test.class.path" value="/home/victor/Escritorio/MASTER_Selenium_Allure/target/test-classes:/home/victor/Escritorio/MASTER_Selenium_Allure/target/classes:/home/victor/.m2/repository/io/cucumber/cucumber-junit/4.2.4/cucumber-junit-4.2.4.jar:/home/victor/.m2/repository/io/cucumber/cucumber-core/4.2.4/cucumber-core-4.2.4.jar:/home/victor/.m2/repository/io/cucumber/cucumber-html/0.2.7/cucumber-html-0.2.7.jar:/home/victor/.m2/repository/io/cucumber/gherkin/5.1.0/gherkin-5.1.0.jar:/home/victor/.m2/repository/io/cucumber/tag-expressions/1.1.1/tag-expressions-1.1.1.jar:/home/victor/.m2/repository/io/cucumber/cucumber-expressions/6.2.0/cucumber-expressions-6.2.0.jar:/home/victor/.m2/repository/io/cucumber/datatable/1.1.12/datatable-1.1.12.jar:/home/victor/.m2/repository/io/cucumber/datatable-dependencies/1.1.12/datatable-dependencies-1.1.12.jar:/home/victor/.m2/repository/junit/junit/4.12/junit-4.12.jar:/home/victor/.m2/repository/io/github/bonigarcia/webdrivermanager/5.5.3/webdrivermanager-5.5.3.jar:/home/victor/.m2/repository/org/slf4j/slf4j-api/2.0.7/slf4j-api-2.0.7.jar:/home/victor/.m2/repository/com/google/code/gson/gson/2.10.1/gson-2.10.1.jar:/home/victor/.m2/repository/com/github/docker-java/docker-java/3.3.3/docker-java-3.3.3.jar:/home/victor/.m2/repository/com/github/docker-java/docker-java-core/3.3.3/docker-java-core-3.3.3.jar:/home/victor/.m2/repository/com/github/docker-java/docker-java-api/3.3.3/docker-java-api-3.3.3.jar:/home/victor/.m2/repository/commons-io/commons-io/2.6/commons-io-2.6.jar:/home/victor/.m2/repository/org/apache/commons/commons-compress/1.21/commons-compress-1.21.jar:/home/victor/.m2/repository/org/bouncycastle/bcpkix-jdk18on/1.75/bcpkix-jdk18on-1.75.jar:/home/victor/.m2/repository/org/bouncycastle/bcprov-jdk18on/1.75/bcprov-jdk18on-1.75.jar:/home/victor/.m2/repository/org/bouncycastle/bcutil-jdk18on/1.75/bcutil-jdk18on-1.75.jar:/home/victor/.m2/repository/org/slf4j/jcl-over-slf4j/1.7.30/jcl-over-slf4j-1.7.30.jar:/home/victor/.m2/repository/com/github/docker-java/docker-java-transport-httpclient5/3.3.3/docker-java-transport-httpclient5-3.3.3.jar:/home/victor/.m2/repository/com/github/docker-java/docker-java-transport/3.3.3/docker-java-transport-3.3.3.jar:/home/victor/.m2/repository/net/java/dev/jna/jna/5.12.1/jna-5.12.1.jar:/home/victor/.m2/repository/org/brotli/dec/0.1.2/dec-0.1.2.jar:/home/victor/.m2/repository/org/apache/commons/commons-lang3/3.13.0/commons-lang3-3.13.0.jar:/home/victor/.m2/repository/org/apache/httpcomponents/client5/httpclient5/5.2.1/httpclient5-5.2.1.jar:/home/victor/.m2/repository/org/apache/httpcomponents/core5/httpcore5/5.2/httpcore5-5.2.jar:/home/victor/.m2/repository/org/apache/httpcomponents/core5/httpcore5-h2/5.2/httpcore5-h2-5.2.jar:/home/victor/.m2/repository/org/projectlombok/lombok/1.18.4/lombok-1.18.4.jar:/home/victor/.m2/repository/com/codeborne/selenide/5.2.8/selenide-5.2.8.jar:/home/victor/.m2/repository/org/seleniumhq/selenium/selenium-java/3.141.59/selenium-java-3.141.59.jar:/home/victor/.m2/repository/org/seleniumhq/selenium/selenium-api/3.141.59/selenium-api-3.141.59.jar:/home/victor/.m2/repository/org/seleniumhq/selenium/selenium-chrome-driver/3.141.59/selenium-chrome-driver-3.141.59.jar:/home/victor/.m2/repository/org/seleniumhq/selenium/selenium-edge-driver/3.141.59/selenium-edge-driver-3.141.59.jar:/home/victor/.m2/repository/org/seleniumhq/selenium/selenium-firefox-driver/3.141.59/selenium-firefox-driver-3.141.59.jar:/home/victor/.m2/repository/org/seleniumhq/selenium/selenium-ie-driver/3.141.59/selenium-ie-driver-3.141.59.jar:/home/victor/.m2/repository/org/seleniumhq/selenium/selenium-opera-driver/3.141.59/selenium-opera-driver-3.141.59.jar:/home/victor/.m2/repository/org/seleniumhq/selenium/selenium-remote-driver/3.141.59/selenium-remote-driver-3.141.59.jar:/home/victor/.m2/repository/org/seleniumhq/selenium/selenium-safari-driver/3.141.59/selenium-safari-driver-3.141.59.jar:/home/victor/.m2/repository/org/seleniumhq/selenium/selenium-support/3.141.59/selenium-support-3.141.59.jar:/home/victor/.m2/repository/org/apache/commons/commons-exec/1.3/commons-exec-1.3.jar:/home/victor/.m2/repository/com/google/guava/guava/25.0-jre/guava-25.0-jre.jar:/home/victor/.m2/repository/com/google/code/findbugs/jsr305/1.3.9/jsr305-1.3.9.jar:/home/victor/.m2/repository/org/checkerframework/checker-compat-qual/2.0.0/checker-compat-qual-2.0.0.jar:/home/victor/.m2/repository/com/google/errorprone/error_prone_annotations/2.1.3/error_prone_annotations-2.1.3.jar:/home/victor/.m2/repository/com/google/j2objc/j2objc-annotations/1.1/j2objc-annotations-1.1.jar:/home/victor/.m2/repository/org/codehaus/mojo/animal-sniffer-annotations/1.14/animal-sniffer-annotations-1.14.jar:/home/victor/.m2/repository/com/squareup/okhttp3/okhttp/3.11.0/okhttp-3.11.0.jar:/home/victor/.m2/repository/com/squareup/okio/okio/1.14.0/okio-1.14.0.jar:/home/victor/.m2/repository/net/lightbody/bmp/browsermob-core/2.1.5/browsermob-core-2.1.5.jar:/home/victor/.m2/repository/net/lightbody/bmp/littleproxy/1.1.0-beta-bmp-17/littleproxy-1.1.0-beta-bmp-17.jar:/home/victor/.m2/repository/com/fasterxml/jackson/core/jackson-core/2.8.9/jackson-core-2.8.9.jar:/home/victor/.m2/repository/com/fasterxml/jackson/core/jackson-databind/2.8.9/jackson-databind-2.8.9.jar:/home/victor/.m2/repository/com/fasterxml/jackson/core/jackson-annotations/2.8.9/jackson-annotations-2.8.9.jar:/home/victor/.m2/repository/dnsjava/dnsjava/2.1.8/dnsjava-2.1.8.jar:/home/victor/.m2/repository/com/jcraft/jzlib/1.1.3/jzlib-1.1.3.jar:/home/victor/.m2/repository/io/netty/netty-all/4.0.51.Final/netty-all-4.0.51.Final.jar:/home/victor/.m2/repository/org/bouncycastle/bcprov-jdk15on/1.58/bcprov-jdk15on-1.58.jar:/home/victor/.m2/repository/org/bouncycastle/bcpkix-jdk15on/1.58/bcpkix-jdk15on-1.58.jar:/home/victor/.m2/repository/net/lightbody/bmp/mitm/2.1.5/mitm-2.1.5.jar:/home/victor/.m2/repository/org/slf4j/slf4j-nop/1.7.25/slf4j-nop-1.7.25.jar:/home/victor/.m2/repository/io/qameta/allure/allure-junit4/2.12.1/allure-junit4-2.12.1.jar:/home/victor/.m2/repository/io/qameta/allure/allure-java-commons/2.12.1/allure-java-commons-2.12.1.jar:/home/victor/.m2/repository/io/qameta/allure/allure-model/2.12.1/allure-model-2.12.1.jar:/home/victor/.m2/repository/org/apache/tika/tika-core/1.20/tika-core-1.20.jar:/home/victor/.m2/repository/org/jooq/joor-java-8/0.9.10/joor-java-8-0.9.10.jar:/home/victor/.m2/repository/io/qameta/allure/allure-cucumber4-jvm/2.12.1/allure-cucumber4-jvm-2.12.1.jar:/home/victor/.m2/repository/io/cucumber/cucumber-java/4.2.4/cucumber-java-4.2.4.jar:/home/victor/.m2/repository/io/qameta/allure/allure-selenide/2.12.1/allure-selenide-2.12.1.jar:/home/victor/.m2/repository/io/rest-assured/rest-assured/4.0.0/rest-assured-4.0.0.jar:/home/victor/.m2/repository/org/codehaus/groovy/groovy/2.5.6/groovy-2.5.6.jar:/home/victor/.m2/repository/org/codehaus/groovy/groovy-xml/2.5.6/groovy-xml-2.5.6.jar:/home/victor/.m2/repository/org/apache/httpcomponents/httpclient/4.5.3/httpclient-4.5.3.jar:/home/victor/.m2/repository/org/apache/httpcomponents/httpcore/4.4.6/httpcore-4.4.6.jar:/home/victor/.m2/repository/commons-logging/commons-logging/1.2/commons-logging-1.2.jar:/home/victor/.m2/repository/commons-codec/commons-codec/1.9/commons-codec-1.9.jar:/home/victor/.m2/repository/org/apache/httpcomponents/httpmime/4.5.3/httpmime-4.5.3.jar:/home/victor/.m2/repository/org/hamcrest/hamcrest-core/2.1/hamcrest-core-2.1.jar:/home/victor/.m2/repository/org/hamcrest/hamcrest/2.1/hamcrest-2.1.jar:/home/victor/.m2/repository/org/hamcrest/hamcrest-library/2.1/hamcrest-library-2.1.jar:/home/victor/.m2/repository/org/ccil/cowan/tagsoup/tagsoup/1.2.1/tagsoup-1.2.1.jar:/home/victor/.m2/repository/io/rest-assured/json-path/4.0.0/json-path-4.0.0.jar:/home/victor/.m2/repository/org/codehaus/groovy/groovy-json/2.5.6/groovy-json-2.5.6.jar:/home/victor/.m2/repository/io/rest-assured/rest-assured-common/4.0.0/rest-assured-common-4.0.0.jar:/home/victor/.m2/repository/io/rest-assured/xml-path/4.0.0/xml-path-4.0.0.jar:/home/victor/.m2/repository/javax/xml/bind/jaxb-api/2.2.12/jaxb-api-2.2.12.jar:/home/victor/.m2/repository/com/sun/xml/bind/jaxb-osgi/2.2.10/jaxb-osgi-2.2.10.jar:/home/victor/.m2/repository/org/apache/sling/org.apache.sling.javax.activation/0.1.0/org.apache.sling.javax.activation-0.1.0.jar:/home/victor/.m2/repository/javax/activation/activation/1.1.1/activation-1.1.1.jar:"/>
    <property name="sun.cpu.endian" value="little"/>
    <property name="user.home" value="/home/victor"/>
    <property name="user.language" value="es"/>
    <property name="java.specification.vendor" value="Oracle Corporation"/>
    <property name="java.version.date" value="2023-08-24"/>
    <property name="java.home" value="/usr/lib/jvm/java-11-openjdk-amd64"/>
    <property name="file.separator" value="/"/>
    <property name="basedir" value="/home/victor/Escritorio/MASTER_Selenium_Allure"/>
    <property name="java.vm.compressedOopsMode" value="32-bit"/>
    <property name="line.separator" value="&#10;"/>
    <property name="java.specification.name" value="Java Platform API Specification"/>
    <property name="java.vm.specification.vendor" value="Oracle Corporation"/>
    <property name="java.awt.graphicsenv" value="sun.awt.X11GraphicsEnvironment"/>
    <property name="surefire.real.class.path" value="/home/victor/Escritorio/MASTER_Selenium_Allure/target/surefire/surefirebooter16797484802083881022.jar"/>
    <property name="sun.management.compiler" value="HotSpot 64-Bit Tiered Compilers"/>
    <property name="java.runtime.version" value="11.0.20.1+1-post-Ubuntu-0ubuntu120.04"/>
    <property name="user.name" value="victor"/>
    <property name="path.separator" value=":"/>
    <property name="os.version" value="6.2.3-060203-generic"/>
    <property name="java.runtime.name" value="OpenJDK Runtime Environment"/>
    <property name="file.encoding" value="UTF-8"/>
    <property name="java.vm.name" value="OpenJDK 64-Bit Server VM"/>
    <property name="localRepository" value="/home/victor/.m2/repository"/>
    <property name="java.vendor.url.bug" value="https://bugs.launchpad.net/ubuntu/+source/openjdk-lts"/>
    <property name="java.io.tmpdir" value="/tmp"/>
    <property name="java.version" value="11.0.20.1"/>
    <property name="user.dir" value="/home/victor/Escritorio/MASTER_Selenium_Allure"/>
    <property name="os.arch" value="amd64"/>
    <property name="java.vm.specification.name" value="Java Virtual Machine Specification"/>
    <property name="java.awt.printerjob" value="sun.print.PSPrinterJob"/>
    <property name="sun.os.patch.level" value="unknown"/>
    <property name="java.library.path" value="/usr/java/packages/lib:/usr/lib/x86_64-linux-gnu/jni:/lib/x86_64-linux-gnu:/usr/lib/x86_64-linux-gnu:/usr/lib/jni:/lib:/usr/lib"/>
    <property name="java.vm.info" value="mixed mode, sharing"/>
    <property name="java.vendor" value="Ubuntu"/>
    <property name="java.vm.version" value="11.0.20.1+1-post-Ubuntu-0ubuntu120.04"/>
    <property name="java.specification.maintenance.version" value="2"/>
    <property name="sun.io.unicode.encoding" value="UnicodeLittle"/>
    <property name="java.class.version" value="55.0"/>
  </properties>
  <testcase name="subtract" classname="BaseAllure.CalculatorTest" time="0.101">
    <failure message="expected:&lt;-10&gt; but was:&lt;-9&gt;" type="java.lang.AssertionError"><![CDATA[java.lang.AssertionError: expected:<-10> but was:<-9>
	at BaseAllure.CalculatorTest.subtract(CalculatorTest.java:55)
]]></failure>
    <system-err><![CDATA[SLF4J: No SLF4J providers were found.
SLF4J: Defaulting to no-operation (NOP) logger implementation
SLF4J: See https://www.slf4j.org/codes.html#noProviders for further details.
SLF4J: Class path contains SLF4J bindings targeting slf4j-api versions 1.7.x or earlier.
SLF4J: Ignoring binding found at [jar:file:/home/victor/.m2/repository/org/slf4j/slf4j-nop/1.7.25/slf4j-nop-1.7.25.jar!/org/slf4j/impl/StaticLoggerBinder.class]
SLF4J: See https://www.slf4j.org/codes.html#ignoredBindings for an explanation.
]]></system-err>
  </testcase>
  <testcase name="sum" classname="BaseAllure.CalculatorTest" time="0.003"/>
  <testcase name="multiply" classname="BaseAllure.CalculatorTest" time="0.004">
    <failure message="expected:&lt;200&gt; but was:&lt;199&gt;" type="java.lang.AssertionError"><![CDATA[java.lang.AssertionError: expected:<200> but was:<199>
	at BaseAllure.CalculatorTest.multiply(CalculatorTest.java:39)
]]></failure>
  </testcase>
</testsuite>